[00:10:30] [Server thread/INFO]: Starting minecraft server version 1.7.10
[00:10:33] [Server thread/INFO]: Loading properties
[00:10:33] [Server thread/INFO]: Default game type: SURVIVAL
[00:10:33] [Server thread/INFO]: Generating keypair
[00:10:33] [Server thread/INFO]: Starting Minecraft server on *:25565
[00:10:33] [Server thread/WARN]: **** SERVER IS RUNNING IN OFFLINE/INSECURE MODE!
[00:10:33] [Server thread/WARN]: The server will make no attempt to authenticate usernames. Beware.
[00:10:33] [Server thread/WARN]: While this makes the game possible to play without internet access, it also opens up the ability for hackers to connect with any username they choose.
[00:10:33] [Server thread/WARN]: To change this, set "online-mode" to "true" in the server.properties file.
[00:10:37] [Server thread/INFO]: Preparing level "world"
[00:10:38] [Server thread/INFO]: Preparing start region for level 0
[00:10:40] [Server thread/INFO]: Preparing spawn area: 26%
[00:10:41] [Server thread/INFO]: Done (3.637s)! For help, type "help" or "?"
[01:08:09] [Server thread/INFO]: FirulaisMarigano[/100.95.46.6:54190] logged in with entity id 1698 at (219.5, 67.0, 255.5)
[01:08:09] [Server thread/INFO]: FirulaisMarigano joined the game
[01:16:09] [Server thread/INFO]: Jinxed_73[/100.71.236.32:50191] logged in with entity id 8603 at (223.5, 69.0, 257.5)
[01:16:09] [Server thread/INFO]: Jinxed_73 joined the game
[01:18:50] [Server thread/INFO]: Jinxed_73 has just earned the achievement [Taking Inventory]
[01:18:53] [Server thread/INFO]: Jinxed_73 lost connection: TextComponent{text='Disconnected', siblings=[], style=Style{hasParent=false, color=null, bold=null, italic=null, underlined=null, obfuscated=null, clickEvent=null, hoverEvent=null}}
[01:18:53] [Server thread/INFO]: Jinxed_73 left the game
[01:18:59] [Server thread/INFO]: Jinxed_73[/100.71.236.32:50381] logged in with entity id 12213 at (208.18828468982136, 72.0, 253.1302739767753)
[01:18:59] [Server thread/INFO]: Jinxed_73 joined the game
[01:21:12] [Server thread/INFO]: FirulaisMarigano lost connection: TextComponent{text='Disconnected', siblings=[], style=Style{hasParent=false, color=null, bold=null, italic=null, underlined=null, obfuscated=null, clickEvent=null, hoverEvent=null}}
[01:21:12] [Server thread/INFO]: FirulaisMarigano left the game
[01:21:25] [Server thread/INFO]: Opped Jinxed_73
[01:21:27] [Server thread/INFO]: Stopping the server
[01:21:27] [Server thread/INFO]: Stopping server
[01:21:27] [Server thread/INFO]: Saving players
[01:21:27] [Server thread/INFO]: Saving worlds
[01:21:27] [Server thread/INFO]: Saving chunks for level 'world'/Overworld
[01:21:27] [Server thread/INFO]: Saving chunks for level 'world'/Nether
[01:21:27] [Server thread/INFO]: Saving chunks for level 'world'/The End
[01:21:27] [Server thread/INFO]: Saving chunks for level 'world'/Vegeta
[01:21:27] [Server thread/INFO]: Saving chunks for level 'world'/Namek
[01:21:27] [Server thread/INFO]: Saving chunks for level 'world'/Null Realm
[01:21:27] [Server thread/INFO]: Saving chunks for level 'world'/TimeChamber
[01:21:27] [Server thread/INFO]: Saving chunks for level 'world'/OtherWorld
